<?xml version="1.0" encoding="utf-8"?><testsuites name="pytest tests"><testsuite name="pytest" errors="0" failures="0" skipped="0" tests="11" time="2.917" timestamp="2026-04-19T01:34:36.289793+00:00" hostname="agent-env-b82cff4a-b30d-4baa-bb84-4261a019649a"><testcase classname="tests.test_admin.TestAdminLogin" name="test_admin_login_correct_password_returns_200_with_token" time="0.254" /><testcase classname="tests.test_admin.TestAdminLogin" name="test_admin_login_wrong_password_returns_401" time="0.150" /><testcase classname="tests.test_admin.TestAdminLogin" name="test_admin_login_empty_password_returns_422" time="0.178" /><testcase classname="tests.test_admin.TestAdminLogin" name="test_admin_login_missing_password_returns_422" time="0.139" /><testcase classname="tests.test_admin.TestAdminLeads" name="test_admin_leads_without_auth_returns_401" time="0.160" /><testcase classname="tests.test_admin.TestAdminLeads" name="test_admin_leads_with_invalid_token_returns_401" time="0.113" /><testcase classname="tests.test_admin.TestAdminLeads" name="test_admin_leads_with_valid_token_returns_list" time="0.230" /><testcase classname="tests.test_admin.TestAdminLeads" name="test_admin_leads_no_mongodb_id_field" time="0.406" /><testcase classname="tests.test_admin.TestAdminLeads" name="test_admin_leads_sorted_desc_by_created_at" time="0.478" /><testcase classname="tests.test_admin.TestAdminLeads" name="test_admin_leads_contains_expected_fields" time="0.369" /><testcase classname="tests.test_admin.TestTripInquiriesStillWorks" name="test_create_inquiry_appears_in_admin_leads" time="0.313" /></testsuite></testsuites>