<?xml version="1.0" encoding="utf-8"?><testsuites name="pytest tests"><testsuite name="pytest" errors="0" failures="0" skipped="0" tests="17" time="1.634" timestamp="2026-04-19T04:30:52.654136+00:00" hostname="agent-env-b82cff4a-b30d-4baa-bb84-4261a019649a"><testcase classname="backend.tests.test_cms_v8.TestCmsPublic" name="test_get_all_cms_has_14_keys" time="0.181" /><testcase classname="backend.tests.test_cms_v8.TestCmsPublic" name="test_settings_singleton_shape" time="0.050" /><testcase classname="backend.tests.test_cms_v8.TestCmsPublic" name="test_locations_has_19_default_entries" time="0.162" /><testcase classname="backend.tests.test_cms_v8.TestCmsPublic" name="test_get_single_key_wraps_value" time="0.047" /><testcase classname="backend.tests.test_cms_v8.TestCmsPublic" name="test_get_single_settings" time="0.058" /><testcase classname="backend.tests.test_cms_v8.TestCmsPublic" name="test_unknown_key_returns_404" time="0.051" /><testcase classname="backend.tests.test_cms_v8.TestCmsAdmin" name="test_put_without_auth_returns_401" time="0.051" /><testcase classname="backend.tests.test_cms_v8.TestCmsAdmin" name="test_put_wrong_token_returns_401" time="0.045" /><testcase classname="backend.tests.test_cms_v8.TestCmsAdmin" name="test_put_unknown_key_returns_404" time="0.121" /><testcase classname="backend.tests.test_cms_v8.TestCmsAdmin" name="test_put_list_missing_items_returns_422" time="0.048" /><testcase classname="backend.tests.test_cms_v8.TestCmsAdmin" name="test_put_singleton_missing_data_returns_422" time="0.045" /><testcase classname="backend.tests.test_cms_v8.TestCmsAdmin" name="test_reset_locations_restores_19" time="0.093" /><testcase classname="backend.tests.test_cms_v8.TestCmsAdmin" name="test_put_settings_then_get_reflects_change" time="0.236" /><testcase classname="backend.tests.test_cms_v8.TestCmsAdmin" name="test_put_locations_replaces_array" time="0.191" /><testcase classname="backend.tests.test_cms_v8.TestCmsAdmin" name="test_reset_unknown_key_returns_404" time="0.066" /><testcase classname="backend.tests.test_cms_v8.TestSeo" name="test_sitemap_xml" time="0.057" /><testcase classname="backend.tests.test_cms_v8.TestSeo" name="test_robots_txt" time="0.049" /></testsuite></testsuites>