<?xml version="1.0" encoding="utf-8"?><testsuites name="pytest tests"><testsuite name="pytest" errors="0" failures="0" skipped="0" tests="8" time="1.833" timestamp="2026-04-19T03:47:00.980767+00:00" hostname="agent-env-b82cff4a-b30d-4baa-bb84-4261a019649a"><testcase classname="backend.tests.test_trip_builder_v7.TestTripInquiryExtendedFields" name="test_create_with_all_new_fields_returns_201_and_persists" time="0.579" /><testcase classname="backend.tests.test_trip_builder_v7.TestTripInquiryExtendedFields" name="test_create_without_new_fields_still_works" time="0.156" /><testcase classname="backend.tests.test_trip_builder_v7.TestTripInquiryExtendedFields" name="test_travellers_zero_returns_422" time="0.139" /><testcase classname="backend.tests.test_trip_builder_v7.TestTripInquiryExtendedFields" name="test_travellers_31_returns_422" time="0.177" /><testcase classname="backend.tests.test_trip_builder_v7.TestTripInquiryExtendedFields" name="test_travel_month_null_accepted" time="0.174" /><testcase classname="backend.tests.test_trip_builder_v7.TestTripInquiryExtendedFields" name="test_locations_array_of_strings" time="0.149" /><testcase classname="backend.tests.test_trip_builder_v7.TestAdminLeadsSchema" name="test_admin_leads_returns_new_fields" time="0.275" /><testcase classname="backend.tests.test_trip_builder_v7.TestAdminLeadsSchema" name="test_admin_leads_unauthorized" time="0.124" /></testsuite></testsuites>