<?xml version="1.0" encoding="utf-8"?><testsuites name="pytest tests"><testsuite name="pytest" errors="0" failures="0" skipped="0" tests="14" time="7.821" timestamp="2026-04-19T03:28:01.823366+00:00" hostname="agent-env-b82cff4a-b30d-4baa-bb84-4261a019649a"><testcase classname="backend.tests.test_quickbook" name="test_api_root" time="0.236" /><testcase classname="backend.tests.test_quickbook" name="test_create_trip_inquiry_and_verify_persist" time="0.470" /><testcase classname="backend.tests.test_quickbook" name="test_trip_inquiry_validation_errors" time="0.141" /><testcase classname="backend.tests.test_quickbook" name="test_create_checkout_deposit_branch" time="1.502" /><testcase classname="backend.tests.test_quickbook" name="test_create_checkout_full_payment_branch" time="3.073" /><testcase classname="backend.tests.test_quickbook" name="test_server_recomputes_deposit_when_frontend_lies" time="1.331" /><testcase classname="backend.tests.test_quickbook" name="test_invalid_dates_rejected" time="0.132" /><testcase classname="backend.tests.test_quickbook" name="test_booking_status_not_found" time="0.106" /><testcase classname="backend.tests.test_quickbook" name="test_admin_login_invalid" time="0.109" /><testcase classname="backend.tests.test_quickbook" name="test_admin_leads_requires_auth" time="0.101" /><testcase classname="backend.tests.test_quickbook" name="test_admin_bookings_requires_auth" time="0.161" /><testcase classname="backend.tests.test_quickbook" name="test_admin_bookings_list" time="0.157" /><testcase classname="backend.tests.test_quickbook" name="test_admin_patch_booking_invalid_status" time="0.113" /><testcase classname="backend.tests.test_quickbook" name="test_admin_patch_booking_not_found" time="0.107" /></testsuite></testsuites>