<?xml version="1.0" encoding="utf-8"?><testsuites name="pytest tests"><testsuite name="pytest" errors="0" failures="0" skipped="0" tests="33" time="9.541" timestamp="2026-04-19T01:51:41.420550+00:00" hostname="agent-env-b82cff4a-b30d-4baa-bb84-4261a019649a"><testcase classname="backend.tests.test_admin.TestAdminLogin" name="test_admin_login_correct_password_returns_200_with_token" time="0.130" /><testcase classname="backend.tests.test_admin.TestAdminLogin" name="test_admin_login_wrong_password_returns_401" time="0.118" /><testcase classname="backend.tests.test_admin.TestAdminLogin" name="test_admin_login_empty_password_returns_422" time="0.103" /><testcase classname="backend.tests.test_admin.TestAdminLogin" name="test_admin_login_missing_password_returns_422" time="0.100" /><testcase classname="backend.tests.test_admin.TestAdminLeads" name="test_admin_leads_without_auth_returns_401" time="0.125" /><testcase classname="backend.tests.test_admin.TestAdminLeads" name="test_admin_leads_with_invalid_token_returns_401" time="0.110" /><testcase classname="backend.tests.test_admin.TestAdminLeads" name="test_admin_leads_with_valid_token_returns_list" time="0.215" /><testcase classname="backend.tests.test_admin.TestAdminLeads" name="test_admin_leads_no_mongodb_id_field" time="0.341" /><testcase classname="backend.tests.test_admin.TestAdminLeads" name="test_admin_leads_sorted_desc_by_created_at" time="0.423" /><testcase classname="backend.tests.test_admin.TestAdminLeads" name="test_admin_leads_contains_expected_fields" time="0.326" /><testcase classname="backend.tests.test_admin.TestTripInquiriesStillWorks" name="test_create_inquiry_appears_in_admin_leads" time="0.320" /><testcase classname="backend.tests.test_payments.TestPaymentsPackages" name="test_payments_packages_returns_4_packages" time="0.106" /><testcase classname="backend.tests.test_payments.TestPaymentsPackages" name="test_payments_packages_correct_slugs_and_amounts" time="0.097" /><testcase classname="backend.tests.test_payments.TestPaymentsCheckout" name="test_checkout_valid_slug_returns_200_with_url_and_session_id" time="0.563" /><testcase classname="backend.tests.test_payments.TestPaymentsCheckout" name="test_checkout_invalid_slug_returns_400" time="0.117" /><testcase classname="backend.tests.test_payments.TestPaymentsCheckout" name="test_checkout_ignores_client_amount" time="0.544" /><testcase classname="backend.tests.test_payments.TestPaymentsCheckout" name="test_checkout_all_packages" time="2.076" /><testcase classname="backend.tests.test_payments.TestPaymentStatus" name="test_payment_status_valid_session_returns_200" time="0.833" /><testcase classname="backend.tests.test_payments.TestPaymentStatus" name="test_payment_status_fake_session_returns_404" time="0.105" /><testcase classname="backend.tests.test_payments.TestPaymentTransactionsNoMongoId" name="test_payment_status_no_mongodb_id" time="0.764" /><testcase classname="backend.tests.test_payments.TestTripInquiriesResendGracefulNoOp" name="test_trip_inquiry_succeeds_without_resend_key" time="0.105" /><testcase classname="backend.tests.test_trip_inquiries.TestRootEndpoint" name="test_root_returns_api_message" time="0.124" /><testcase classname="backend.tests.test_trip_inquiries.TestTripInquiriesCreate" name="test_create_trip_inquiry_valid_payload" time="0.113" /><testcase classname="backend.tests.test_trip_inquiries.TestTripInquiriesCreate" name="test_create_trip_inquiry_minimal_payload" time="0.115" /><testcase classname="backend.tests.test_trip_inquiries.TestTripInquiriesCreate" name="test_create_trip_inquiry_invalid_email_returns_422" time="0.101" /><testcase classname="backend.tests.test_trip_inquiries.TestTripInquiriesCreate" name="test_create_trip_inquiry_days_zero_returns_422" time="0.104" /><testcase classname="backend.tests.test_trip_inquiries.TestTripInquiriesCreate" name="test_create_trip_inquiry_days_61_returns_422" time="0.112" /><testcase classname="backend.tests.test_trip_inquiries.TestTripInquiriesCreate" name="test_create_trip_inquiry_days_boundary_valid" time="0.214" /><testcase classname="backend.tests.test_trip_inquiries.TestTripInquiriesList" name="test_list_trip_inquiries_returns_list" time="0.112" /><testcase classname="backend.tests.test_trip_inquiries.TestTripInquiriesList" name="test_list_trip_inquiries_no_mongodb_id" time="0.212" /><testcase classname="backend.tests.test_trip_inquiries.TestTripInquiriesList" name="test_create_and_verify_persistence" time="0.232" /><testcase classname="backend.tests.test_trip_inquiries.TestTripInquiriesValidation" name="test_empty_name_returns_422" time="0.095" /><testcase classname="backend.tests.test_trip_inquiries.TestTripInquiriesValidation" name="test_missing_required_fields_returns_422" time="0.305" /></testsuite></testsuites>