<?xml version="1.0" encoding="utf-8"?><testsuites name="pytest tests"><testsuite name="pytest" errors="0" failures="0" skipped="0" tests="16" time="2.626" timestamp="2026-04-19T03:07:09.110134+00:00" hostname="agent-env-b82cff4a-b30d-4baa-bb84-4261a019649a"><testcase classname="backend.tests.test_v6_api.TestHealthAndBasic" name="test_api_root" time="0.161" /><testcase classname="backend.tests.test_v6_api.TestHealthAndBasic" name="test_status_endpoint" time="0.165" /><testcase classname="backend.tests.test_v6_api.TestTripInquiries" name="test_create_trip_inquiry" time="0.121" /><testcase classname="backend.tests.test_v6_api.TestTripInquiries" name="test_list_trip_inquiries" time="0.106" /><testcase classname="backend.tests.test_v6_api.TestAdminAuth" name="test_admin_login_success" time="0.141" /><testcase classname="backend.tests.test_v6_api.TestAdminAuth" name="test_admin_login_failure" time="0.116" /><testcase classname="backend.tests.test_v6_api.TestAdminEndpoints" name="test_admin_leads_unauthorized" time="0.147" /><testcase classname="backend.tests.test_v6_api.TestAdminEndpoints" name="test_admin_leads_authorized" time="0.107" /><testcase classname="backend.tests.test_v6_api.TestAdminEndpoints" name="test_admin_bookings_unauthorized" time="0.128" /><testcase classname="backend.tests.test_v6_api.TestAdminEndpoints" name="test_admin_bookings_authorized" time="0.132" /><testcase classname="backend.tests.test_v6_api.TestBookingCheckout" name="test_create_checkout_valid" time="0.643" /><testcase classname="backend.tests.test_v6_api.TestBookingCheckout" name="test_create_checkout_invalid_dates" time="0.100" /><testcase classname="backend.tests.test_v6_api.TestBookingCheckout" name="test_booking_status_not_found" time="0.114" /><testcase classname="backend.tests.test_v6_api.TestAdminBookingUpdate" name="test_update_booking_invalid_status" time="0.139" /><testcase classname="backend.tests.test_v6_api.TestAdminBookingUpdate" name="test_update_booking_not_found" time="0.121" /><testcase classname="backend.tests.test_v6_api.TestLegacyPayments" name="test_list_deposit_packages" time="0.105" /></testsuite></testsuites>